  stdafx.cpp
  tgaimage.cpp
  Software-Render.cpp
c:\users\prako\onedrive\dokumenty\github\software-render-\software-render\software-render\software-render.cpp(27): warning C4244: "=": konwersja z "time_t" do "int", możliwa utrata danych
  model.cpp
  draw.cpp
c:\users\prako\onedrive\dokumenty\github\software-render-\software-render\software-render\draw.cpp(64): warning C4244: "=": konwersja z "float" do "int", możliwa utrata danych
c:\users\prako\onedrive\dokumenty\github\software-render-\software-render\software-render\draw.cpp(66): warning C4244: "=": konwersja z "float" do "int", możliwa utrata danych
c:\users\prako\onedrive\dokumenty\github\software-render-\software-render\software-render\draw.cpp(68): warning C4244: "=": konwersja z "float" do "int", możliwa utrata danych
c:\users\prako\onedrive\dokumenty\github\software-render-\software-render\software-render\draw.cpp(70): warning C4244: "=": konwersja z "float" do "int", możliwa utrata danych
c:\users\prako\onedrive\dokumenty\github\software-render-\software-render\software-render\draw.cpp(72): warning C4244: "=": konwersja z "float" do "int", możliwa utrata danych
c:\users\prako\onedrive\dokumenty\github\software-render-\software-render\software-render\draw.cpp(74): warning C4244: "=": konwersja z "float" do "int", możliwa utrata danych
c:\users\prako\onedrive\dokumenty\github\software-render-\software-render\software-render\draw.cpp(76): warning C4244: "=": konwersja z "float" do "int", możliwa utrata danych
c:\users\prako\onedrive\dokumenty\github\software-render-\software-render\software-render\draw.cpp(78): warning C4244: "=": konwersja z "float" do "int", możliwa utrata danych
c:\users\prako\onedrive\dokumenty\github\software-render-\software-render\software-render\draw.cpp(80): warning C4244: "=": konwersja z "float" do "int", możliwa utrata danych
c:\users\prako\onedrive\dokumenty\github\software-render-\software-render\software-render\draw.cpp(82): warning C4244: "=": konwersja z "float" do "int", możliwa utrata danych
c:\users\prako\onedrive\dokumenty\github\software-render-\software-render\software-render\draw.cpp(84): warning C4244: "=": konwersja z "float" do "int", możliwa utrata danych
c:\users\prako\onedrive\dokumenty\github\software-render-\software-render\software-render\draw.cpp(86): warning C4244: "=": konwersja z "float" do "int", możliwa utrata danych
c:\users\prako\onedrive\dokumenty\github\software-render-\software-render\software-render\draw.cpp(132): warning C4244: "inicjowanie": konwersja z "int" do "float", możliwa utrata danych
c:\users\prako\onedrive\dokumenty\github\software-render-\software-render\software-render\draw.cpp(134): warning C4244: "inicjowanie": konwersja z "int" do "float", możliwa utrata danych
c:\users\prako\onedrive\dokumenty\github\software-render-\software-render\software-render\draw.cpp(136): warning C4244: "inicjowanie": konwersja z "int" do "float", możliwa utrata danych
c:\users\prako\onedrive\dokumenty\github\software-render-\software-render\software-render\draw.cpp(138): warning C4244: "inicjowanie": konwersja z "int" do "float", możliwa utrata danych
c:\users\prako\onedrive\dokumenty\github\software-render-\software-render\software-render\draw.cpp(140): warning C4244: "inicjowanie": konwersja z "int" do "float", możliwa utrata danych
c:\users\prako\onedrive\dokumenty\github\software-render-\software-render\software-render\draw.cpp(142): warning C4244: "inicjowanie": konwersja z "int" do "float", możliwa utrata danych
c:\users\prako\onedrive\dokumenty\github\software-render-\software-render\software-render\draw.cpp(152): warning C4244: "=": konwersja z "int" do "float", możliwa utrata danych
c:\users\prako\onedrive\dokumenty\github\software-render-\software-render\software-render\draw.cpp(154): warning C4244: "=": konwersja z "int" do "float", możliwa utrata danych
c:\users\prako\onedrive\dokumenty\github\software-render-\software-render\software-render\draw.cpp(159): warning C4244: "=": konwersja z "int" do "float", możliwa utrata danych
c:\users\prako\onedrive\dokumenty\github\software-render-\software-render\software-render\draw.cpp(160): warning C4244: "=": konwersja z "int" do "float", możliwa utrata danych
c:\users\prako\onedrive\dokumenty\github\software-render-\software-render\software-render\draw.cpp(164): warning C4244: "=": konwersja z "int" do "float", możliwa utrata danych
c:\users\prako\onedrive\dokumenty\github\software-render-\software-render\software-render\draw.cpp(165): warning C4244: "=": konwersja z "int" do "float", możliwa utrata danych
c:\users\prako\onedrive\dokumenty\github\software-render-\software-render\software-render\draw.cpp(169): warning C4244: "argument": konwersja z "float" do "int", możliwa utrata danych
c:\users\prako\onedrive\dokumenty\github\software-render-\software-render\software-render\draw.cpp(181): warning C4244: "=": konwersja z "int" do "float", możliwa utrata danych
c:\users\prako\onedrive\dokumenty\github\software-render-\software-render\software-render\draw.cpp(187): warning C4244: "=": konwersja z "int" do "float", możliwa utrata danych
c:\users\prako\onedrive\dokumenty\github\software-render-\software-render\software-render\draw.cpp(188): warning C4244: "=": konwersja z "int" do "float", możliwa utrata danych
c:\users\prako\onedrive\dokumenty\github\software-render-\software-render\software-render\draw.cpp(192): warning C4244: "=": konwersja z "int" do "float", możliwa utrata danych
c:\users\prako\onedrive\dokumenty\github\software-render-\software-render\software-render\draw.cpp(193): warning C4244: "=": konwersja z "int" do "float", możliwa utrata danych
c:\users\prako\onedrive\dokumenty\github\software-render-\software-render\software-render\draw.cpp(197): warning C4244: "argument": konwersja z "float" do "int", możliwa utrata danych
  Generowanie kodu...
  Software-Render.vcxproj -> C:\Users\prako\OneDrive\Dokumenty\GitHub\Software-Render-\Software-Render\x64\Debug\Software-Render.exe
  Software-Render.vcxproj -> C:\Users\prako\OneDrive\Dokumenty\GitHub\Software-Render-\Software-Render\x64\Debug\Software-Render.pdb (Partial PDB)
